[2025-03-30T20:15:42.371Z] GET /search?query=python - IP: ::1
[2025-03-30T20:15:55.401Z] GET /courses - IP: ::1
[2025-04-08T08:11:40.858Z] GET / - IP: ::1
[2025-04-08T08:11:43.256Z] GET /css/styles.css - IP: ::1
[2025-04-08T08:11:43.258Z] GET /images/ai.png - IP: ::1
[2025-04-08T08:11:43.425Z] GET /js/main.js - IP: ::1
[2025-04-08T08:11:43.929Z] GET /favicon.ico - IP: ::1
[2025-04-08T08:11:49.701Z] GET /about - IP: ::1
[2025-04-08T08:11:49.800Z] GET /css/styles.css - IP: ::1
[2025-04-08T08:11:49.801Z] GET /images/ai.png - IP: ::1
[2025-04-08T08:11:50.030Z] GET /favicon.ico - IP: ::1
[2025-04-08T08:11:52.086Z] GET /courses - IP: ::1
[2025-04-08T08:11:52.175Z] GET /css/styles.css - IP: ::1
[2025-04-08T08:11:52.176Z] GET /images/ai.png - IP: ::1
[2025-04-08T08:11:52.334Z] GET /favicon.ico - IP: ::1
[2025-04-08T08:12:02.930Z] GET /search?query=deep - IP: ::1
[2025-04-08T08:19:18.444Z] GET / - IP: ::1
[2025-04-08T08:19:18.879Z] GET /images/ai.png - IP: ::1
[2025-04-08T08:19:18.881Z] GET /css/styles.css - IP: ::1
[2025-04-08T08:19:18.888Z] GET /js/main.js - IP: ::1
[2025-04-08T08:19:20.542Z] GET /favicon.ico - IP: ::1
[2025-04-08T08:19:25.015Z] GET /about - IP: ::1
[2025-04-08T08:19:25.104Z] GET /css/styles.css - IP: ::1
[2025-04-08T08:19:25.108Z] GET /images/ai.png - IP: ::1
[2025-04-08T08:19:25.362Z] GET /favicon.ico - IP: ::1
[2025-04-08T08:19:26.631Z] GET /courses - IP: ::1
[2025-04-08T08:19:26.711Z] GET /css/styles.css - IP: ::1
[2025-04-08T08:19:26.712Z] GET /images/ai.png - IP: ::1
[2025-04-08T08:19:26.854Z] GET /favicon.ico - IP: ::1
[2025-04-08T08:19:27.893Z] GET /contact - IP: ::1
[2025-04-08T08:19:27.989Z] GET /images/ai.png - IP: ::1
[2025-04-08T08:19:27.988Z] GET /css/styles.css - IP: ::1
[2025-04-08T08:19:28.083Z] GET /favicon.ico - IP: ::1
[2025-04-08T08:19:41.683Z] GET / - IP: ::1
[2025-04-08T08:19:41.781Z] GET /css/styles.css - IP: ::1
[2025-04-08T08:19:41.781Z] GET /js/main.js - IP: ::1
[2025-04-08T08:19:41.786Z] GET /images/ai.png - IP: ::1
[2025-04-08T08:19:41.890Z] GET /favicon.ico - IP: ::1
[2025-04-08T08:28:51.993Z] GET / - IP: ::1
[2025-04-08T08:28:53.097Z] GET /css/styles.css - IP: ::1
[2025-04-08T08:28:53.098Z] GET /js/main.js - IP: ::1
[2025-04-08T08:28:53.099Z] GET /images/ai.png - IP: ::1
[2025-04-08T08:28:53.619Z] GET /favicon.ico - IP: ::1
[2025-04-08T08:28:55.141Z] GET /courses - IP: ::1
[2025-04-08T08:28:55.211Z] GET /css/styles.css - IP: ::1
[2025-04-08T08:28:55.214Z] GET /images/ai.png - IP: ::1
[2025-04-08T08:28:55.476Z] GET /favicon.ico - IP: ::1
[2025-04-08T08:29:13.783Z] GET /search?query=deep - IP: ::1
[2025-04-08T08:33:52.249Z] GET /search?query=Deep - IP: ::1
[2025-04-08T08:38:47.238Z] GET / - IP: ::1
[2025-04-08T08:38:47.432Z] GET /js/main.js - IP: ::1
[2025-04-08T08:38:47.434Z] GET /images/ai.png - IP: ::1
[2025-04-08T08:38:47.433Z] GET /css/styles.css - IP: ::1
[2025-04-08T08:38:51.452Z] GET /about - IP: ::1
[2025-04-08T08:38:51.528Z] GET /css/styles.css - IP: ::1
[2025-04-08T08:38:51.529Z] GET /images/ai.png - IP: ::1
[2025-04-08T08:38:53.238Z] GET /courses - IP: ::1
[2025-04-08T08:38:53.303Z] GET /css/styles.css - IP: ::1
[2025-04-08T08:38:53.305Z] GET /images/ai.png - IP: ::1
[2025-04-08T08:38:56.904Z] GET /contact - IP: ::1
[2025-04-08T08:38:56.978Z] GET /css/styles.css - IP: ::1
[2025-04-08T08:38:56.994Z] GET /images/ai.png - IP: ::1
[2025-04-08T08:39:22.152Z] GET /nonexistent - IP: ::1
[2025-04-08T08:39:22.354Z] GET /css/styles.css - IP: ::1
[2025-04-08T08:39:22.359Z] GET /images/ai.png - IP: ::1
[2025-04-08T08:39:39.406Z] GET /api/courses - IP: ::1
[2025-04-08T08:40:00.224Z] GET /api/courses - IP: ::1
[2025-04-08T08:40:09.468Z] GET /courses - IP: ::1
[2025-04-08T08:40:09.655Z] GET /css/styles.css - IP: ::1
[2025-04-08T08:40:09.660Z] GET /images/ai.png - IP: ::1
[2025-04-08T08:40:16.079Z] GET /search?query=deep - IP: ::1
[2025-04-08T08:44:00.726Z] GET /favicon.ico - IP: ::1
[2025-04-08T08:44:17.953Z] GET /search?query=Deep - IP: ::1
[2025-04-08T08:49:58.105Z] GET /courses - IP: ::1
[2025-04-08T08:49:58.424Z] GET /css/styles.css - IP: ::1
[2025-04-08T08:49:58.426Z] GET /images/ai.png - IP: ::1
[2025-04-08T08:49:58.872Z] GET /favicon.ico - IP: ::1
[2025-04-08T08:50:03.342Z] GET /search?query=deep - IP: ::1
[2025-04-08T16:03:30.649Z] GET /favicon.ico - IP: ::1
[2025-04-08T16:03:33.698Z] GET /search?query=deep - IP: ::1
[2025-04-08T16:03:33.888Z] GET /favicon.ico - IP: ::1
[2025-04-08T16:05:44.597Z] GET /favicon.ico - IP: ::1
[2025-04-08T16:05:54.045Z] GET /search?query=machine - IP: ::1
[2025-04-08T16:05:54.173Z] GET /favicon.ico - IP: ::1
[2025-04-08T16:05:56.496Z] GET /favicon.ico - IP: ::1
[2025-04-09T07:08:24.295Z] GET /contact - IP: ::1
[2025-04-09T07:08:24.543Z] GET /css/styles.css - IP: ::1
[2025-04-09T07:08:24.551Z] GET /images/ai.png - IP: ::1
[2025-04-09T07:08:58.872Z] GET /about - IP: ::1
[2025-04-09T07:08:58.929Z] GET /css/styles.css - IP: ::1
[2025-04-09T07:08:58.930Z] GET /images/ai.png - IP: ::1
[2025-04-09T07:08:59.992Z] GET / - IP: ::1
[2025-04-09T07:09:00.038Z] GET /css/styles.css - IP: ::1
[2025-04-09T07:09:00.045Z] GET /images/ai.png - IP: ::1
[2025-04-09T07:09:00.046Z] GET /js/main.js - IP: ::1
[2025-04-09T07:09:02.828Z] GET /courses - IP: ::1
[2025-04-09T07:09:02.863Z] GET /css/styles.css - IP: ::1
[2025-04-09T07:09:02.933Z] GET /images/ai.png - IP: ::1
[2025-04-09T07:09:14.767Z] GET /courses - IP: ::1
[2025-04-09T07:09:14.813Z] GET /css/styles.css - IP: ::1
[2025-04-09T07:09:14.818Z] GET /images/ai.png - IP: ::1
[2025-04-09T07:09:21.734Z] GET /contact - IP: ::1
[2025-04-09T07:09:21.771Z] GET /css/styles.css - IP: ::1
[2025-04-09T07:09:21.791Z] GET /images/ai.png - IP: ::1
